\BOOKMARK [1][-]{section.1}{\376\377\170\024\172\166\225\356\230\230\116\016\230\171\166\356\133\232\117\115}{}% 1
\BOOKMARK [2][-]{subsection.1.1}{\376\377\230\230\166\356\211\201\154\102}{section.1}% 2
\BOOKMARK [2][-]{subsection.1.2}{\376\377\150\070\137\303\225\356\230\230}{section.1}% 3
\BOOKMARK [2][-]{subsection.1.3}{\376\377\150\070\137\303\123\321\163\260\144\130\211\201}{section.1}% 4
\BOOKMARK [1][-]{section.2}{\376\377\145\160\143\156\121\306\131\007\116\016\150\007\121\306\150\074\137\017}{}% 5
\BOOKMARK [2][-]{subsection.2.1}{\376\377\123\237\131\313\145\160\143\156}{section.2}% 6
\BOOKMARK [2][-]{subsection.2.2}{\376\377\145\207\150\143\154\140\133\232\116\111}{section.2}% 7
\BOOKMARK [2][-]{subsection.2.3}{\376\377\000N\000o\000i\000s\000e\000r\000B\000e\000n\000c\000h\000\040\145\160\143\156\226\306}{section.2}% 8
\BOOKMARK [2][-]{subsection.2.4}{\376\377\201\352\136\372\145\160\143\156\147\204\136\372\137\025\144\316}{section.2}% 9
\BOOKMARK [1][-]{section.3}{\376\377\174\373\176\337\213\276\213\241}{}% 10
\BOOKMARK [2][-]{subsection.3.1}{\376\377\140\073\117\123\147\266\147\204}{section.3}% 11
\BOOKMARK [2][-]{subsection.3.2}{\376\377\214\003\165\050\155\101\154\064\176\277}{section.3}% 12
\BOOKMARK [2][-]{subsection.3.3}{\376\377\152\041\127\127\176\304\176\307}{section.3}% 13
\BOOKMARK [1][-]{section.4}{\376\377\145\271\154\325\213\276\213\241}{}% 14
\BOOKMARK [2][-]{subsection.4.1}{\376\377\126\152\227\363\154\350\121\145\147\072\122\066}{section.4}% 15
\BOOKMARK [2][-]{subsection.4.2}{\376\377\167\353\153\143\145\271\154\325}{section.4}% 16
\BOOKMARK [2][-]{subsection.4.3}{\376\377\155\361\123\026\145\271\154\325\213\346\211\343}{section.4}% 17
\BOOKMARK [1][-]{section.5}{\376\377\213\304\117\060\143\007\150\007\213\276\213\241}{}% 18
\BOOKMARK [2][-]{subsection.5.1}{\376\377\127\372\170\100\225\356\173\124\143\007\150\007}{section.5}% 19
\BOOKMARK [2][-]{subsection.5.2}{\376\377\201\352\116\073\234\201\150\322\140\047\143\007\150\007}{section.5}% 20
\BOOKMARK [1][-]{section.6}{\376\377\133\236\232\214\176\323\147\234}{}% 21
\BOOKMARK [2][-]{subsection.6.1}{\376\377\133\236\232\214\116\000\377\032\126\152\227\363\137\161\124\315\122\006\147\220}{section.6}% 22
\BOOKMARK [3][-]{subsubsection.6.1.1}{\376\377\116\073\167\351\226\065\000\040\000\050\000z\000h\000/\000m\000a\000i\000n\000\051}{subsection.6.1}% 23
\BOOKMARK [3][-]{subsubsection.6.1.2}{\376\377\123\315\116\213\133\236\145\160\143\156\226\306\000\040\000\050\000z\000h\000/\000f\000a\000c\000t\000\051}{subsection.6.1}% 24
\BOOKMARK [3][-]{subsubsection.6.1.3}{\376\377\126\152\227\363\117\115\177\156\145\110\136\224}{subsection.6.1}% 25
\BOOKMARK [3][-]{subsubsection.6.1.4}{\376\377\215\350\213\355\212\000\133\371\153\324}{subsection.6.1}% 26
\BOOKMARK [2][-]{subsection.6.2}{\376\377\133\236\232\214\116\214\377\032\167\353\153\143\145\271\154\325\133\371\153\324}{section.6}% 27
\BOOKMARK [3][-]{subsubsection.6.2.1}{\376\377\116\073\133\236\232\214\000\040\000\050\000z\000h\000/\000m\000a\000i\000n\000,\000\040\000s\000e\000m\000a\000n\000t\000i\000c\000\051}{subsection.6.2}% 28
\BOOKMARK [3][-]{subsubsection.6.2.2}{\376\377\123\315\116\213\133\236\145\160\143\156\226\306\232\214\213\301\000\040\000\050\000z\000h\000/\000f\000a\000c\000t\000,\000\040\000c\000o\000u\000n\000t\000e\000r\000f\000a\000c\000t\000u\000a\000l\000\051}{subsection.6.2}% 29
\BOOKMARK [2][-]{subsection.6.3}{\376\377\133\236\232\214\116\011\377\032\150\110\117\213\155\361\136\246\122\006\147\220}{section.6}% 30
\BOOKMARK [3][-]{subsubsection.6.3.1}{\376\377\000z\000h\000/\000m\000a\000i\000n\000\040\116\016\000\040\000z\000h\000/\000f\000a\000c\000t\000\040\133\371\153\324}{subsection.6.3}% 31
\BOOKMARK [3][-]{subsubsection.6.3.2}{\376\377\202\361\145\207\150\110\117\213\170\024\172\166\000\040\000\050\000e\000n\000/\000m\000a\000i\000n\000\051}{subsection.6.3}% 32
\BOOKMARK [2][-]{subsection.6.4}{\376\377\133\236\232\214\126\333\377\032\116\222\225\001\145\110\136\224\040\024\040\024\145\271\154\325\000\040\000\327\000\040\126\152\227\363\174\173\127\213\116\244\116\222}{section.6}% 33
\BOOKMARK [3][-]{subsubsection.6.4.1}{\376\377\150\070\137\303\133\236\232\214\377\032\000r\000=\0000\000.\0007\0005\000\040\116\222\225\001\167\351\226\065\000\040\000\050\000z\000h\000\051}{subsection.6.4}% 34
\BOOKMARK [3][-]{subsubsection.6.4.2}{\376\377\000r\000=\0000\000.\0005\000\040\133\371\161\147\116\016\143\222\124\015\172\063\133\232\140\047}{subsection.6.4}% 35
\BOOKMARK [3][-]{subsubsection.6.4.3}{\376\377\202\361\145\207\116\222\225\001\232\214\213\301\000\040\000\050\000e\000n\000/\000m\000a\000i\000n\000\051}{subsection.6.4}% 36
\BOOKMARK [2][-]{subsection.6.5}{\376\377\133\236\232\214\116\224\377\032\155\361\123\026\133\236\232\214}{section.6}% 37
\BOOKMARK [3][-]{subsubsection.6.5.1}{\376\377\000C\000o\000n\000f\000i\000d\000e\000n\000c\000e\000\040\155\210\207\215\133\236\232\214}{subsection.6.5}% 38
\BOOKMARK [3][-]{subsubsection.6.5.2}{\376\377\213\355\116\111\176\247\000\040\000I\000S\000R\000/\000N\000A\000R}{subsection.6.5}% 39
\BOOKMARK [3][-]{subsubsection.6.5.3}{\376\377\201\352\220\002\136\224\167\353\153\143\126\150}{subsection.6.5}% 40
\BOOKMARK [3][-]{subsubsection.6.5.4}{\376\377\217\355\116\343\201\352\176\240\153\143}{subsection.6.5}% 41
\BOOKMARK [1][-]{section.7}{\376\377\174\373\176\337\133\236\163\260\116\016\122\115\172\357\157\024\171\072}{}% 42
\BOOKMARK [2][-]{subsection.7.1}{\376\377\124\016\172\357\143\245\123\343}{section.7}% 43
\BOOKMARK [2][-]{subsection.7.2}{\376\377\122\115\172\357\165\114\227\142}{section.7}% 44
\BOOKMARK [1][-]{section.8}{\376\377\137\123\122\115\217\333\136\246}{}% 45
\BOOKMARK [1][-]{section.9}{\376\377\116\016\163\260\147\011\145\271\154\325\166\204\153\324\217\203}{}% 46
\BOOKMARK [1][-]{section.10}{\376\377\217\320\210\114\145\271\137\017}{}% 47
\BOOKMARK [1][-]{section.11}{\376\377\140\073\176\323}{}% 48
